131072
64
1
1048576
1
16
8
16
1048576
2
2
1024
65536
1
2048
1048576
1024
-2754922
-50065
1048576
1
262144
18199
1048576
4096
2
1
512
9479
1
128
1024
8
16384
131072
965275
1
1024
32768
8
16
4119
1
-301491
1
16
2048
1
6572
4
131072
64
50643
118355
4096
1
8
127
1048576
-77652
1
5291122
1
16
1
4
2048
1
8654
512
4
1
1
524288
1
1
512
512
64
-1032347
19
1
128
524288
1024
1
1
11174
1
1
524288
1
512
34572
524288
8880
32768
1
32768
32
8192
524289
256
1
1
4
107048
33544
128
1048576
1
256
1414881
502
1
4
1048576
1
4216
1048576
1048576
2048
4
1
437773
8
1048576
1048576
2048
2048
235330
8192
1048576
1048576
1
1048576
63004
8
32
128
1
68
1
4
256
32
83039
1
1048576
4096
124637
2048
4096
1
130
1
1
8192
16384
17655
1
4
8192
1024
256
1
1048576
256
1
1
4
5286
128
1
131072
131072
2
1024
261156
1
1024
16384
262144
128
1
4
282297
523
984372
1
1
4
8192
8
1
8
56034
1
1048576
1
1048576
256
1048576
1024
897789
1
32768
512
16
4017
32
-9684621
126067
1024
250362
4096
131072
2335
1024
128498
73874
4096
4
4096
99
1
32
16
8
8
1048576
16384
1048576
-1846322
623258
1
8192
1
256
524288
2
4096
38651
138
1
1
1
1
1
16384
4
131072
1
480492
1
65536
8
512
512
1048576
339525
524288
1024
128
32
512
1
300182
1048576
8
8
64
512
1
32
2174
1
20827
579633
256
21844
1
16
256
16384
256
8
4051
1048576
12260
128
1048576
1
1
543736
1048576
1048576
4096
1
1
1
1
1
1
4096
512
4
8192
32
1
32
32768
64
987172
8
64
16
1048576
8192
658788
32768
262144
1048576
1
128
1024
908790
64
381566
2048
256
32768
16384
52378
64
1
136140
8168
1048576
1
16384
1
1
16
16
512
511912
24909
16
1048576
32768
382
1
1
2
2048
8
8
240031
16
-3926672
32
1
128
1
998412
64
260389
1
1048576
1
1
-5125628
1
1
1
199140
1024
8
4
1024
1
346124
32755
256
32
1024
58651
1
1048576
1
1048576
4
4
256
1024
1048576
8192
2048
260324
1048576
512
130238
65536
512
1
1048576
32
-77652
137980
16
15886
1
16
1
8
59
1
1048576
64
65536
1
64
1
16384
195708
1
1048576
2048
512
1
1
1
1048576
25536
128
304329
64
1048576
2048
1
1
1048576
2012
-2786330
2
1048576
537663
10419
1048576
1
524288
1048576
1048576
1048576
1048576
1048576
1048576
1
480492
65536
256
4096
1
1
31180
1
256
1
256
128
8192
1048576
256
1
1
1048576
64
2
2048
264878
2
65536
1048576
32768
1
240031
256
32768
1
1045516
16
65536
32768
16384
1024
2
2048
65536
4
64
2916
616952
1
760
1
1030012
65445
1
1
275339
1
32
8
1027648
64
16
1024
1
1
1048576
32
1
1004818
1
1024
4096
644768
-2164878
128
1
1048576
1048576
2048
1
1
512
1048576
1
1048576
8
128
16396
64
16
1048576
4
2048
65536
1
512
2
1048576
1
1
16384
1
33483
1048576
256
1
524540
8192
1
1
1
65536
16
131072
11780
1
1
32102
1048576
2048
-6869
2
-85676
1
128
65536
4096
794
131072
1
965275
2048
1
1
256
1048576
2
1
1
8
128
128
512
4060720
1048576
41
1048576
1222
7814
1048576
1048576
2048
764732
512
48607
-33990
128
1
16
1
2
64
17176
1
533448
185126
32
524288
256
1048576
8907
128
1
1
8192
1
64
1
1
48607
1537994
8
1
512
1
32768
2
128
524288
65536
4764309
1
1024
262144
8
2
263
1048576
3886
1
8
14958
1
45387
1024
1
1
1222
1
131072
1
128
1048576
1
1048576
4
128
32768
1
1048576
3972
65536
1
1048576
1048576
32
2
108119
1048576
1097196
1048576
32
8
196
4096
32
128
1
1
8
512
1
4445
1
4
1773
155
131072
1
1048576
48559
8
32
8
2410
1
2
1048576
779894
1
1048576
1048576
3718
512
2
1048576
2048
8
64
1
2
64
8192
1
8
16
2
1
1048576
512
16
16
4096
4
61963
1
34055
1
131527
1048576
512
1
2048
311945
1048576
-305918
4764309
8
1
35144
32768
1
4
20
1
1
1048576
128
2971
4
2
256
1
1
1
1024
1
1
64
43796
1048576
8
1
512
1024
1
16
4
4096
1
64
8192
2048
1
128
1
8
1048576
155
764732
4096
256
1048576
1024
262160
2132
32768
32768
1
8
58
256
1048576
64
2047
18484
131072
1048576
1
256
1
1048423
2
1024
1607630
4
256
475100
116423
1048576
32768
1019770
8192
1048576
149
1
1
3077280
32768
1
4
2
1
16
32768
1
4
-77652
1
4
1024
1
-14193
136259
131072
32
1
131072
1
26894
2
1048576
1048576
1048423
512
1
1784
1048576
1
1048576
1
16
131072
1
2
8
1
104520
262144
1048576
1
1
133452
131072
1
2048
1048576
1
524288
4
256
16
1
1
2
4
65536
8192
37
4
1
2048
256
1004818
8
2
1
64
4096
4
256
131072
131072
32
4096
16
10388
512
1
4096
2048
7814
4
4258
1
64
16
64
1048576
262144
64
1
1024
513
131072
512
1
16
1
524288
524288
1
1
4096
4
1024
262144
1
106
1
1
8192
1
1804
8
16
1048576
512
1
273584
1
32768
32
16
16
1
1882503
435932
1048576
32
1024
64
-6738208
2
-6869
-218311
235330
1
1
262144
346124
33907
64
2
512
1
1048576
137980
128
8
1
26868
8
173871
16
1048576
1048576
32768
8192
65536
1
1048576
65536
256
1671280
256
8
1
4096
1
32
256
2048
32
1
1
1
1
8192
405996
64
1
1048576
1024
4
1
169766
262144
3095
16384
64
8192
4
1048576
2
1
8
2048
16
1
524288
1
16
1191862
524288
64
105436
65536
512
128
256
256
1080
16
138445
1048576
100
1048576
1
1
64
1
4
122231
16
16318
1
16
65536
8192
256
1048576
1
2306088
16396
1
1048576
16384
1048576
1048576
16384
1
1
32
65536
2307
16
1
16
1048576
1024
64
64
-12262
512
16384
523
13414
32
2048
128
1048576
256
1
263950
4
1048576
1048576
1
369310
4
1
4
4
1024
1
128
1
1
5871
16
1
194
2
8
8
1
1048576
130918
32768
2048
1607630
512
3685944
262144
4
16384
4
1
1024
1
2048
64
2
1
1
8
128
4
7730
128
8
1
32768
8192
5036
1048576
1
8192
62045
131072
1
4
1
64
35067
1270
2
4096
2048
1
1882503
1
179120
1048576
1048576
128
8
1048576
1048576
1
1
1
1048576
256
8
1048576
-696402
1
4
-659184
639804
2
19143
8
1
16
128
1
1
512
256
1024
2
4096
1048576
238076
8192
32768
1
1
16384
938508
1
1
1048576
1
8
32768
32
16
1
64
1048576
121
2
2307
156825
131072
512
1048576
1
965275
1
1048576
3334
1
1
2
1
32768
1
346124
8
16384
256
1
195708
1688
1
2
40127
204494
1024
8
269109
197108
262144
1
131072
1
131072
2
1048576
16
2048
1
8
573516
1048576
1
6157
1048576
1
1
843780
33483
11051
1
1351
128
1048576
2
-386307
4
1024
512
222124
1
16384
32
16
16
32053
64
4096
137980
1
131072
4611
512
128
512
32
128
1048576
2
1406164
1048576
3685944
512
65536
172
1048576
1
1
1024
1
39203
8
1
37793
1
65900
1
8192
8
4096
1048576
1048576
1
1
65536
256
1
4106
512
1270
1
1
1024
2
2048
2048
1048576
1057144
1
1
16
64
4096
1048576
1048576
1024
1024
1
1
16
174778
64
262144
1
369310
1
28430
1048576
1
1
262704
2
32
1048915
4511400
1048576
1
1
2
1
512
2
1048576
1
1
1048576
1048576
1
4096
1
504548
1
8
4
512
44642
1048576
1048576
1277
271
256
1
381566
4096
68
35430
1048576
4096
1
256
1048576
16880
1
2048
1
32768
8
2
7672
2
8192
1
1048576
16
1048576
1
19354
512
8
-766402
4096
582742
4
1
2048
4096
8
4
1350825
262144
1
16
32
1
8
1048576
1
1
1
512
1
263539
65536
1
1
1024
1048576
1
1048576
16384
1024
1048576
129959
1
1
32
128
8
131072
1
64
1964
11051
2048
1
1024
8
3858
-696402
1048576
65536
16384
201621
32
176
1024
1048576
1
512
256
1048576
4
4096
191
1
1797883
32768
65536
156825
1024
1
1
4096
32
512
1048576
1892
1048576
8
128
1
2
128
99
256
512
11259344
6359283
1048576
1
2048
4
65536
131072
262144
1
2048
1
1048576
1
1
256
1
8
1191862
1
1
1
29
16384
62859
256
1048576
1
16384
128
1048576
256
1
10388
17279
1
1
16
128
1
1024
1
1
1
2
12260
131072
4
1031
1048576
1
1048576
1024
32
32768
1
65536
65536
1
50175
1024
1
8
1
64
262144
1048576
8
64
32
35067
16
1
4096
65550
4096
8
256
64
64
1
16384
256
1048576
1
1
128
8192
1
1110342
128
64
1
-26531
2048
1048576
1048576
2048
1
1048576
1048576
16
32768
1
4096
512
32
65536
1
1048576
16384
2
311945
1
2
1
1
27068
512
1048576
1024
22
128
1048576
1
1
1
2
1048576
8192
64
65445
8193
256
6493682
31302
504840
262144
128
254136
1048576
64
273584
86597
1048576
16
938508
1048576
1048576
-94620
1048576
65536
8
2
1
1048576
1048576
32
8
131072
1
120
1048576
-5349942
130
1024
1
2048
2048
2048
1
512
32
2048
1
1048576
1
1
93
512
1392562
1048576
128
1048576
64
32
5090
2048
1797883
1
1
1141396
16
2048
1048576
24909
1
1048576
1
1
2322
131072
1048576
1
1048576
133
16
68
1
1
12054
2048
64
1024
8
1
256
16384
-2815372
1350825
1024
1
1
1
1048576
1160
1020995
1
1024
1
8192
975
512
1048576
131072
2
1048576
224088
1048576
128
2048
1048576
68212
1048576
1048576
4764309
128
4
8
2048
261923
128
6763
32
1024
16383
1
1048576
1
4096
2629
1093
1
1048576
-460903
64
54382
1048576
300497
1048576
573514
1048576
1024
1048576
1093
131072
1024
8
8
1
64
1461627
16
1
1
32
1048576
1048576
638
1048576
1
524540
8192
1
64
1
1
131072
1
16384
1440064
1048576
1
524288
2048
128
98414
16384
16384
1024
1
1048576
1
2048
512
1048576
256
2
2
262144
64
108119
8
16384
4051
1048576
2
1
3783308
1048576
1
1
8192
65536
2170296
4
4
1491996
1048576
1141396
1
1024
1
1
4096
512
1
1024
41375
1048576
512
87169
1141396
4096
32
8
128
64
16
4
7974
4
1666416
512
16
64
1
65536
8192
1
2048
8192
32
1
1048576
1
1048576
1024
1
524287
1
128
64
1
524288
1
72614
1
1
1
2
549204
512
1
2
8192
1048576
6157
16
16
1
1784
1048576
1
1048576
1024
4
128
2
512
4096
1024
1
32768
1
65536
4
1
256
1
998412
64
1
1
2
1048576
1
65536
512
32
1
1
1
1
8
128
1048576
1
8192
1
1
1
4096
16
1024
524288
69306
138445
1
131072
2048
128
1
5871
2
32768
124637
2
1
1
2
4
250362
1
131072
1
618
1
512
32
2048
8247
1060408
512
1
1
32768
2
32768
1
1
8
1
56
262144
16384
128
512
2
1048576
1048576
1048576
131072
2
607
64
1048576
64
32768
1
1110342
4
1
1
4
16
65536
8
2
1
32768
16
32
524288
6682233
4
131072
8192
1
1
1
128069
64
33483
1
1048576
1048576
8
1
1024
512
1048576
32
1
1
131072
19540
1
16
623258
1024
512
2048
4096
1024
256
1157
166473
1
1
580708
1048576
5036
1048576
-20364
1
2048
1
64
64
1048576
4
16604
4
1048576
1
1
65536
1
8192
65536
1
1077748
512
1048576
2
1
8192
128
1024
32
1
1
1
128
256
1
16
2
4
512
64
1
128
2048
128
1030012
65536
1048576
8
128
4096
4
512
4
2
2
4
1
843780
4
1
1048576
1
131072
1048576
127858
32
4
524288
274932
1048576
1048576
4096
512
4096
16
1
1392562
2048
11174
4
5777
-998238
1
64
64
1048576
1048576
580708
144083
1
128
1
1
1
154
4
1
639804
19554
16
16384
1
191351
8
1024
512
1048576
-81853
1
5762912
2
1048576
4
1
64
4
1
677155
673723
1
1
32482
62
128
1
2
64
16384
8192
256
1
65536
1
512
2
190
31481
16384
1048576
64
65536
1
16384
524288
2
32768
1048576
1
1048576
512
128
1
9377
1024
8
512
1
32
1024
8192
1048576
256
512
1
1048576
1
1
65536
32768
1
128
2048
16
1048576
8
2
8192
32768
4096
2048
9680788
1
8
790463
131072
1
5777
1
1
352344
1
1
1
4096
1048576
1
1048576
11086
1
1
1
1048576
1048576
651036
1048576
1048576
32
1048576
618146
4096
1024
180605
15914
1048576
16
1048576
131054
4046280
131072
2048
2048
4
66959
8192
217
1
64
32768
1406164
1048576
-998238
256
1
1048576
1048576
4096
-1846322
1160
1
1024
1
1048576
4096
32
8192
4
16
4
32
1048576
65536
1048576
1
512
1
2
16
1024
4
16384
32
394893
262144
4096
2
1048576
180605
1
1
2
1
14913
1048576
4
1048576
1964
32768
1048576
16
256
-218311
34055
32768
2
256
2
8
2
262144
1
1
128
8192
65536
4096
-766402
1048576
1
225418
1
1048576
-120420
709650
128
1
1
128
32752
1
32
65536
1030012
4096
115580
256486
1048576
1024
32768
1
16879
475512
64
8192
2
236833
16384
1048576
64
2048
128
1277
143084
8192
8
2
524288
1048576
1
1
131072
128
128
1
8192
16
512
1
938508
64
1
32
3555966
2048
48559
35067
8192
260389
524305
1
-2663132
131072
1
512
1
64
1048576
4
4096
256
256
1048576
1
4096
21700
1
8192
1
512
511912
1
32768
1048576
1
8
512
16384
1
64
2048
1
1048594
67681
1
16
1024
512
73874
8
1
1048576
2
4051
256
380360
1048576
4
8
1
2
65536
64
15
1
1
32
287090
1048576
512
129707
1024
16318
1
1048576
1
1
1
524288
52396
48765
8
607
1
512
-16846
37793
397
8192
2
-2275558
300497
65900
1
1
1
256
-1239056
32
1048576
32
1
1048576
16384
8
512
4096
852748
8
32
1
1
1048576
1
1
2048
1
32768
128
1048576
1
1048576
256
1048576
256
1
1048576
32
8
1
1
2048
1
91
1057144
1
131072
1
588
1
4096
4096
779894
1024
28147
1048576
-123487
30929
8192
4
2
179120
1048576
8357
4
4096
128
309
1048576
1
32
32
549623
2421
230112
2048
524288
1
472024
512
558608
1048576
4
16
512
1
1
2077918
1
16
1
1
1
1
32
239242
4096
3412
32
4051
1
8192
1048576
8
1048576
2048
2
1
16384
8192
8
1
32768
1048576
1048576
4
64
256
1
3424
8
65536
1
8
1
16664
1048576
1048576
65536
64
118514
32
128
1
1
64
1
1
1048576
4
8100
17279
4096
8
1048576
1048576
1
156418
1048576
32768
1
2067714
512
8
1
1
1
1
1048576
8192
-2786330
64
1024
8
2048
1
8
1051595
131072
16
287090
1
16384
1024
38180
2048
233054
131072
1048576
1048576
1
1
32
8191
-6738208
1
8
1048576
4
128
32
1048576
8
16
169
1048576
2048
1
2048
1048576
562144
512
128
1048576
1
341793
1696618
1
1
260389
131072
512
1135684
1
512
1
8191
512
4119
128
16
1048423
1024
954505
1048576
1711189
1048576
3693
81
128
4
2
8100
15460
44888
8192
1
1
2
109294
1
16318
512
-2663132
512
359
65536
2
1
1
1
1
104343
1048576
4096
1
4
512
1
1
8
1048576
1048576
1
1024
32
256
1
16
1
1824806
16
1
1
4
256
90992
1
128
1
1048576
1
512
98691
848
1
1
4096
1
1
2048
128
1
8
8
2090
64
8350
1
1035717
1
138445
2
4
1048576
256
8
68968
1048576
1681406
131071
8192
32
1045516
1
16384
42
1
16384
1
8
1
344574
1048576
1355
32
3473
1
-20364
1
7672
1
1048576
32
1
1048576
1024
1270
16384
524288
83039
1
64
8
16384
1
16
1048576
1
8
64
21
1
8192
965275
4096
2
1
512
1
1048576
128
1
1024
1048576
1
512
64
16
1
64
65536
573516
1
524288
1
1
849
1
1
1
1
128
2
1048576
1024
262144
64
4096
32768
195708
32
65536
65536
256
133
32
1
1048576
32102
405996
27068
46
1
32102
15889
1048576
1
287090
2
62045
802
8192
621658
1048576
1
1048576
1
59
1048576
4
1
1048576
1
1
1048576
32768
1024
16
128
8192
4
16
256
2048
1048576
1
-16846
1
54382
1
1
1048576
1048576
256
1
8192
-713
562
16384
1
4440
128
512
131072
-35224
1
1048576
27824
67538
300497
1048576
1
27068
128
32
1
1
25933
1
64
1
1
1
128
1048576
16
260324
8192
1
1048576
32768
1093
4
2
152093
155
1
621658
512
16
2048
1024
524288
1
131072
1
8192
1
8
1
461663
256
83039
1
1
8192
32
16
1019770
1
16384
8192
1
8192
-33990
1
1824806
1048576
2
16384
1048576
944716
1
8192
7208
1
16384
1
435168
1048576
1
1048576
8192
2
-885970
235330
512
4096
1
1
2
1048576
1
512
4
131072
1048576
1024
32
1
4
16
1
8192
16
1
4
2
1
1
27708
304329
-120420
2077918
1
8
4096
1048576
1
560181
39938
8
1
1048576
45387
1
4096
1048576
15
2048
512
1
16
64
4106
4
1
4
512
195708
131072
1048576
1
1
1048576
1024
4
1
1048594
169
1048576
308109
1049392
1048576
21778
64
512
1
1
1461627
4
1622620
2048
2048
1
1047225
2048
4096
1
1
1024
1
16
45985
4096
269109
152952
1
1048576
2
1
1048576
1
262144
1
4096
1
1048576
1
573514
1048576
64
32
356225
2067714
2200144
1048576
1048576
131072
32768
32768
1048576
96082
4096
1
1
64
256
6157
266512
256
1304
8
32768
4
1
512
1048576
512
2
131072
65536
1048576
32
5097645
262144
1
2
2
32
512
1
4511400
1048576
1042380
1
-77652
1048576
1
1
8
1
256
256
1
1
1
1024
7562
8192
1024
1
256
512
1
4
32192
1048576
16
1
1048576
1
1
6206
241
1
128
2421
524288
131072
1
2
128
1865
8
256
1414881
262144
1048576
256
1
127
8
2048
806
73861
16
64
4096
131072
8
16
1
8
512
1
2048
8
2
262143
1048576
1
1
8192
16384
32768
1
1471
1048576
1032
1048576
32
1
1048576
8
1
25933
1
1024
1
1
128
16
8
2048
4
8
8192
19899
2048
32
1394
4096
64
1039192
137507
16384
262144
1048576
472024
524288
1
79265
1681406
1024
1981
32
30827
1
2048
1
512
1
17069
32
128
1
4096
522568
32
2048
1048576
538137
1
1048576
128
88669
512
512
4
2510
1
32768
897789
1
131072
16384
1
1
65536
524288
1
4096
1
8
8192
32
1
834
32
1
32
1
256
1
1
262144
1
128
1
1
14893
8192
4096
512
176
1048576
1
524288
65536
256
256
2
1243932
15
1
-885970
1
8
262704
16384
30827
262144
1
1156830
1
1024
1
1
1
2
380360
8192
1024
1
32
16
4
36039
32781
512
1
2
16
1048576
1024
1
32768
8
64
16384
262144
1024
32
1
1
1
30827
8192
548598
58353
262
5524783
8
64
8
1
1
4
1024
1048576
1024
1
1048576
8
4
261972
1051595
512
256
1
2
16
1
1
1
947379
1
1048576
1
262144
1
4096
4671
128
16396
8
-305918
261972
524152
16
64
1
65536
1
8192
1
66407
1
176
1048576
2048
32
1048576
16
1
1
1
64
1666416
2048
1
1
65536
1197151
3466
1
2048
8
-2655990
1048576
32768
1
256
256
1048576
102331
2
1024
8168
1
1048576
1
256
1
1048576
2048
1
1
172
1
8192
2
256
1048576
2048
1048576
4
4
1024
1
1
62533
512
1
2048
65536
1
8
32
1048576
260016
1
1
32
354522
16
1
2
16384
1
1
128
2
16879
2048
1048576
8
64
32
1
2048
12788
124637
1
-1050262
1
1
1
8
64
2048
1
1
1474
1
1048576
92
131309
4096
-1108668
35430
32768
256
1
1048576
8
6359283
397
1
64
1
886
512
1024
32690
1
1
8
1048576
1
1048576
1024
8
1
2048
1
64
1
776174
512
1024
1048576
1
338870
1328375
2
1
4096
16384
8192
4
533
262144
256
1
44477
30987
1048576
65536
1048576
2048
1048576
16384
262144
512
1
16
1048576
1048576
1
62045
263539
64
32
1050667
1
760
1048576
8450
1
1048576
4
4
1
65536
13953
34484
8247
1
138445
8181
1048576
32
1
256
1
2
4
1
4
32768
1
32768
1257
1004818
8
558608
16384
256
128
493143
1048576
83533
1
1
1
1048576
1
2048
128
1
1
1
1
28927
1
28147
1
1
256
4
784626
1
1
4
4019
1
1
1048576
2
1
8
1
5871
1
2048
4096
1
16
4
1048576
227278
1024
131072
1
1
131072
2
480492
4
1
32781
1
3095
4
1
1046
1
2
32
1048576
128
4096
504840
8
1024
1
1024
8
1048576
4
1048555
1
4
1
4096
41226
65445
1048576
841423
1607630
64
16384
1048576
128
256
4096
1
279464
285167
2
38180
64
89846
-33990
64
1
1
1
1
4
1048576
64392
2048
8024
1048576
512
1
32768
1
1048576
512
2850
109294
1
1048576
-11239524
256
32
256
-713
1048576
1048576
262144
16384
1
32768
16
32768
512
32
32
524288
128
-315960
6767
46
128
256
65536
262144
131072
69306
1
11
33907
996
1350825
1
32
1
1048576
512
128
1
8192
1048576
1
1024
72614
65536
17176
1048576
118355
1
841423
1
1
1
524288
1
2048
16384
131072
2048
4096
2048
2
64
256
1
-1004148
1
968
32768
558608
2048
1
1498
4
1
4
1
1048576
1048576
1
1048576
128
1024
2048
1
512
1
1
131072
1800005
1048576
1048576
1
1
1
214389
1
8
256
1048576
1048576
889304
16384
262704
1
8
-5514442
64
64
11051
10960
1
64
8192
1711189
512
17869
32
524288
32768
1048576
1024
94691
77528
8192
1
4
1
1
1
1
1048576
8
256
2090
1
4
2
1048576
131072
1
4
16384
16384
543736
32
4
1048576
1
512
8
65535
2048
-1239056
4
1048576
1
1
64
4096
1048576
262144
32
1048576
128
21778
2
1
1
1
64
128
996
1
1048576
1
760
2048
2048
1
512
1048576
16
2
524289
2048
1
4096
128
1
32768
64
1
861688
1
1024
677155
262144
2048
1048576
2
128
1
4096
1
8
1
32768
1486
3298
1
1024
1048576
512
4096
1
32
1048576
32
8192
32768
32
1
16
1
20228
16
1024
256
1
32768
32
1024
1048576
1048576
16
512
1024
2048
4
1
1048576
1
215097
131072
1
64
512
1
1
1
1
16
1
1024
-1108668
131072
1048576
4096
1048576
106029
1048576
1922
16
128
1
32
14893
1048576
8192
4096
1
1048576
16384
1
512
8192
16384
1048576
256
1
16
2
2
1
672
1
2
125530
1981
1
32768
68
512
146087
8
4
1048576
1
32
524288
4
8192
256
64
128
1
32755
1
1048576
1156830
4
1048576
2380
1048576
1048576
8192
16005
1
1
64
256
10168
1048576
8192
1
3001698
1048576
1
4
65536
1
1048576
1
1
32
1
128
1
4
512
1
1
1
1048576
1
4
1048576
1
65536
1
2048
16384
16
512
4096
65550
1
1
959822
32102
1048576
1
128
512
1048576
1048576
1
1
1
1048576
16
1024
8
8192
32
262144
1
1
1
8192
131072
1
256
32
32768
262144
1
1024
8
1681406
241
512
32
1
4
35430
1
16384
1
64392
2
4
128
2048
125530
16
16384
1
32
1
128
64
25933
1191862
128
1
1024
32
16
131072
1
512
16384
8
1
8
128
1
1
1048576
143328
1048576
2
512
4096
4096
1048576
405996
1
512
1
1
65536
16
1
1
64
4203
4266
524288
65536
64
1048576
1
128
2
9680788
70684
2048
1048576
1048576
1048576
8
8
16
32
16
4048
16384
1
1
19
19989
405996
1
4
8024
8
4
55
1
4096
16
1
1024
1
1048576
461368
162473
1048576
512
512
1
128
152093
1048576
128
1048576
4096
59673
1
131072
8
1
-1846322
979
1
548598
1027648
128
1
1
8
1
2
256
64
1048576
8192
1
8
64
1048576
573516
2
29853
65900
1
2048
120
1
1048576
1
1048576
480492
2
32768
1024
296203
1048576
1024
-2694084
1048576
1
58
8
1048576
1048576
8
1
1
1
64
1048576
1048576
16
1
1
1
128
16384
1
1048576
2048
1030012
32
1
1
1
131072
32
1
1
65536
32768
2775
17279
1048576
64
1
8192
1
128
1
1
128
1
1
1
1
512
4
10954
65536
64
8357
1
4
65536
4
1048576
1
1
1048576
1
16384
8450
1
1
1
1048576
1
524288
256
4096
1
1
1
1
16
1048576
64
32
131072
130
1020995
2
12616
62859
2
1
68212
131072
1
1
63
1
1
2174
296203
1
1
275339
1048576
1048576
2
1024
1048576
1048576
256
1
1
214389
512
1
4
1048576
256
2
1048576
280790
1
256
1
37197
1
65536
64
16
1048576
1
1
32
1048576
968
69306
32768
32768
128
1
4096
8882
64
24909
512
8882
517380
1048576
1048576
430104
1
2057
8
131072
16
65536
45387
-94620
-218311
1
256
512
32
1048576
512
64
1048576
16384
512
32
861688
1048576
1048576
1048576
1
4348
32768
129959
1048576
255042
4096
131072
4096
8
2
1
256
1048576
1
8
131072
1
1048576
8
1
1
12054
1024
1
8
4
108625
1
16
4
65536
16384
1
2048
322545
1
1048576
1048576
2067714
1024
512
65550
2048
9908
1045516
4096
35430
908790
1
1
1
1048576
1
4096
1
1
256
1922218
256
1
512
32768
512
16384
65536
32768
1
256
32768
16384
8
-11239524
537663
1048576
1816
573514
4
32
-2655990
1
128
32768
435168
1
1024
1
256
1024
1
1
1
32
2036
262144
1
131072
1
64
256
549204
1
1
512
1048576
1
8846
65536
1
1461627
1048576
255
1
16
1
64
2048
32
1024
4
94319
1048576
1
1
1024
32
8
15889
1
8192
4
1
32
1
1
4096
1048576
1048576
1048576
281461
2048
65536
677155
32
16
3731
16384
524540
1050667
16384
1048576
128
-696402
1
1
2048
1048576
1
64
1
4447
4
8
1
32768
8
1048576
128
1471
27824
1
64
1048576
1
420548
512
16384
128
81
16384
1
1
1048576
1048576
8
1048576
128
256
1
1
2049
16
-354806
1048576
1
1024
1681406
1351
1048576
8
461368
2
2
1048576
1048576
1
111
16384
65536
1048576
2
8
8
512
40127
256
-246516
1
64
4096
129644
2686450
2
16
64
64
16
512
470
1
1
128
1
1048915
8
1048576
1048576
2048
1
131072
2
111
61429
64
2048
1
256
64
1048576
1
1
8
16
1
533959
8192
2
1048576
199
1
256
8
128
32768
1
128
1024
32768
4
1102343
3962
64
1
281461
32768
1
1
8
32768
32
2
1
1
16384
1048576
4096
4445
1
4
1
262704
1
1
8192
4096
1
256
1
16384
17069
1
16
1024
200438
328276
461663
41908
65900
2048
1
4096
65536
1
-9691
32
64
262144
1
1048576
2
1
1048576
1
1077136
1
131072
8
1
8192
297876
256
117813
256
32
1
1048576
4339
131072
1048576
369310
256
1
1
2048
30827
61019
32
1
256
9377
16384
1
1048576
16
4
4
1
1048576
64
8192
2
32
1
1
2
4096
256
128
1024
131072
8
1
1024
14893
130
256
-672029
1
4
1
8
1
-5482277
8
524288
129959
1
512
64
128
1
1
26333
29
1
4096
4
9908
1048576
4
1048576
1
123829
77405
68935
8027
128
1
1048576
1712
1
1
64
1
131072
639804
8192
256
1
32
1
-1050262
8
131072
16
1048576
4096
2048
638
-21266
1048576
1
1
1048576
147936
1
1
52267
1048576
32
2
1
6585
1
32
1784
8
8
262144
1048576
1
1
64
512
1
16
1048576
1048576
108119
1
1
17176
512
1024
1607630
1
1
1
4445
512
512
2532
1
-4770
1
1
663682
1048576
256
16384
4
1048576
64
2
1
64
8
2468
16
1024
131072
2
1
8192
1
262144
1048576
1048576
65536
128
64
1
1048576
1048576
1
87
343653
16
65536
4096
1024
32
8751744
1048576
1
4096
8
32
1
1
2048
1
16
64
4095
1048576
1
128
32
1
1
1048576
1
1
944380
128
4
8
664
16384
16
1
43031
1
1048576
4
16
1
1048576
1024
32
1065465
32768
6359283
32
16
1
105436
128
1
1024
1
1
273584
512
128
256
128
4
65536
8192
519252
1
16384
8
128
1048576
523608
1048576
1
262160
54228
2048
2048
168929
1
1
1
64
1
1
128
262144
2
2048
65536
266954
106320
65536
1042380
1
1024
2048
1048576
12911
256
107048
1
16384
18488
131072
131072
256
1
1
512
1
1048576
1024
697
1048576
4096
1
1
1
1
1
2048
262144
1024
1
-2164878
8
1
9410
1048576
512
2
65536
65536
32
1
128
1
128
16
128
4
2
1024
1
1048576
64
1048576
4096
1
1
364883
30987
64
1
8
1
1
1
1
1191862
1
560181
16
16384
16384
8
1
2048
1048576
8192
8
1
1
1024
256
4096
1
1
1024
1
1
4096
1048576
1
138445
1
256
16384
1
1
64
1
266954
1048576
1048576
32768
2048
1
2
128
1
507624
8192
1
435168
1
1048576
1
512
68212
435932
2043
13105
64
16
1
1048576
2048
32768
1
4096
1
1
1
4106
4
1048576
1
106320
1126344
32
139078
1
65445
62533
16
32768
64
1048576
1048576
256
1
1
1
932316
697
1
1
1
1048576
1
1
128
1048576
32
52631
16
128
2048
1
16384
1
8192
4145896
1
130
1004818
16
1
512
1
4096
17176
4096
1048576
1048576
1
2523
1048576
1
1048594
-44361
2
4096
4096
1
256
66434
32755
16
128
1
4
1
236833
2048
1
4447
1
32
1
1
1
4828
1
2048
844
4203
2048
1
1
1048576
382
16384
191
1
64
1048576
1024
1
262144
32768
1048576
1024
18484
4096
8
1048576
4
4
16
565
1024
16384
579633
512
-2694084
2
128
2
64
2036
512
16384
1
2048
1
32
1
1
1
1048576
2048
16
1
64
1
1048576
16
1
2
256
8192
1
1048576
7784
16
1048576
254136
4
1115055
1
1191862
16
1048576
524288
1816
1
1048576
4051
16384
-583762
32
2
128
1
2048
1048576
256
1048576
1
1
2048
4096
1
64
1019770
1
2
16
262144
1
8
65536
-39308
1110342
32
8192
4096
1
8192
8
2
4
65536
2264
7784
32
1
1
1
32
8192
524289
3731
524305
4
2
32
1024
1
64
2
1048576
256
64
4
1048576
1
1
382
32846
4096
2
-44361
1
512
64
3095
1
65536
16
1
16384
128
1
1
4
32
64
64
4
1048576
512
64
64
66434
182203
1048576
1666416
4096
1
1
1
262704
1
1
2048
131072
1
2048
1024
32
1
1048576
1024
16318
1
256
1
128
256
1243932
256
1
4339
1
4
2048
256
1
1568
1
1048576
1048576
4
1797883
131072
1048576
16
8192
1
7672
1
8192
1
16
1048576
524288
64
1
131087
1048576
64
1
1
4
8192
512
1
1
4096
1
1048576
4096
512
98414
8
64
258096
1048576
954505
1
2048
8
8
256
128
1048576
512
128
1048576
4
256
2048
1482388
128
128
2048
1048576
256
2048
8
295
77405
1048576
512
16384
32
32
16
16366
16384
128
2048
4
-3197
124637
1
1
1048576
32768
16384
1048576
94375
1048576
1
131072
128
32768
1471
1048576
1
1048576
1
2048
1
1
256
1
1
256
1
1048576
497408
1
512
26868
64
1048576
8
8192
1110342
12260
8192
18
1024
1
16
32768
1048576
8192
1
1
1
16369
90992
2048
638
64
131072
1
524288
1048576
1048576
32
2
1048576
1048576
4096
2
1
4096
1157
128
1
64
2048
16384
512
524288
1
219
16
1
1048576
1
16
43800
1
1
194
8
512
1
27497
16
64
76444
1
2048
8
266954
1048576
2
4
18594
1
131072
1
1048576
1
64
480492
4
1048576
1048576
211375
16
2
1048576
1
1
64
1
2048
1048576
-1572173
1024
6585
1
1048576
65536
512
1048576
65536
4096
2
32
1
3724
1
1048576
1
262144
841366
2
2048
1
2048
1048576
1048576
1048576
1
512
64
2322
1
64
1
256
32768
65536
3302
1030012
2048
1
32
1
128
512
32
1048576
4096
8
15460
256
308109
2090
138466
2523
65536
519252
32
1
32
1
1
1
1048576
4096
256
1048576
4096
-280319
1024
1
260324
1
4
1
1048576
8
1
1048576
1
32
32768
1
256
90992
1048576
4096
1607630
1
8191
65536
4
1
102331
322545
32
1
1
39938
79265
1
262144
32768
128
4
512
134894
1
1
2048
524288
1
256
1
4096
19143
1048576
1
8192
-294708
356225
1
64
16278
1048576
106029
618
128
4
65536
1
512
1048576
1
256
128
131072
8
256
32
8
4
1
16384
256
4
1
140
4096
1048576
1
-6869
1
1048576
22
32768
1
131087
1
1024
65536
1024
-6869
52631
1
1048576
256
512
64
1
1
1
32
1
1
16
16384
32768
1
1
524968
1
1048576
256
1048576
16
130967
4
1024
8
16384
128
1
1
2048
282315
256
1
2090
1
256
16
1
168929
397
32
2048
131072
32
1048576
2
1048576
1024
2
1
1
4096
380190
1048576
1048576
32
512
1048576
1
16
1486
131072
1
128
1048576
10960
663682
8192
1
2
2
2048
1
147936
182792
1
4
66018
1032
998708
8
8077
1048576
1048576
1
1
32
152093
1
1
8
1
1
16384
1048576
32768
1048576
1
2
802
1
1048576
1048576
1048576
1
1
-11239524
2048
1
900064
359
1
1048576
4096
32768
1048576
4
64
65536
1
64
1
32
9410
280790
4
4096
64
8192
1486
2048
16
1
1
1024
32
512
1024
1
524152
32
65536
1
1
1
1
8
-166795
2048
2048
16537
1
1
1
256
162473
1048576
1
8192
60460
1
1048576
16384
-141320
65536
64
32768
1048576
4348
32
512
2
1
128
1
1
1048576
524424
131072
1
1
4096
512
256
1892
1048576
4
1
4096
1
1048576
4
1
4
16
54851
4
1048576
2
1
1
1024
331
1048576
512
16384
29
16
1
352344
1048576
273584
512
1048576
1712
743130
1048576
131072
512
2048
1
1
128
2
2048
2
1
1
1
2048
256
16384
64
64
39938
64
6206
32
8
1024
16396
48765
8192
1
1
1
16
1
1048576
2048
1
1048576
2048
1
1048576
1048576
176
8
22819
-1239056
31868
4
1
1048576
2517
32
8192
4
8
64
32
1
8
512
16
2048
131072
1051595
38320
-583762
4
2658672
1
29127
1
128
477
1
16
-5916978
3555966
64
32768
1
1
102023
3858
16384
2
1
1
1024
4096
4096
542
-193918
16
256
1
524288
1048576
128
1585
16
4096
8
16
1
618146
8
1
2214699
256
512
1
16
16384
1024
8
2048
8192
1
1048576
1
1048576
1
256
32
1
1048576
512
1
128
1048576
256
-5238678
3987626
176
1
1024
1
16
1024
14893
1
2
544
70684
8192
4096
90992
1
1
1
1
2
32
128
1
32768
1
16
-2275558
512
16
8192
1
4
1
128
16
16
1
131072
24909
2048
1048576
1
8
128
128
1048576
16
1048576
1
130238
1
32768
131072
256
32
1
32
1
1
65536
1
1
256
1024
45293
128
4
8
64
37793
1048576
4
1
4096
1
13823
1048576
143328
1190
1048576
8192
4
1048576
4
1
1
1
64
504840
1080400
8751744
4
4096
1024
4096
2048
128
1
4096
1024
16
68968
512
16
32
1
1
131072
1
1048576
128
1773
1
1023
512
1048576
32
281461
64
4096
4031283
2048
1
1048576
32768
256
-2275558
8
16
35144
8
1
4
65445
128
4
1
32
1
1
19
68935
1048576
1
108119
1
8
1048576
1
131309
512
1
62533
16384
1
256
2048
4017
1
16
1
1
1
1024
1461627
-77652
4
944380
1
256
65536
1
131072
4096
16
2048
1
1
1048576
1
512
1048576
32
4
-611248
1
1
15229
64
87
4096
16
16
8192
256
32
512
64
131072
1
73874
512
1
1
2
256
215500
1
1048576
83533
64
8
1
1048576
1024
16
4
1
256
1048576
1048576
2048
1
8
1
32
1
1048576
1048576
1
16
1
32781
1
1
32768
4096
4
4
131072
2048
1048576
2
504548
1048576
1
-29597
1048576
26333
-50065
4
98039
8
128
118355
4
8
1024
1048576
64
32768
1048576
2048
131819
1
1
1
8
64
8
3214
28430
311945
-120420
1
513
8192
16
36
2214699
1
50175
128
16537
1024
2
4
1048576
16
2094714
1
2
16
1048576
32
262144
16
4474
990700
938508
1048576
8
2
32768
1
4096
1
128
2048
4
64
128
1048576
16384
65536
8
64
16
32
2048
236833
-5125628
65536
2320847
65536
1
128
1
1048576
1048576
387
16384
32768
32
32
8
8
262144
1024
4
1048576
1
1048576
1
16
128
1
1
3858
8192
1
128
2
2
1
65536
32
8450
256
1048576
32
1
1
512
1048576
4096
15691
18
4051
128
1
256
14913
1
1
32
17279
1048576
354522
1
32
2012
16
1
2
1
382
1
1
37793
573516
4
131072
2
1
256
256
722941
4096
58353
1
1
1
64
16
435932
65536
128
1
2048
65536
1
1
58
274932
15460
1049392
1
1
-3197
1
1048576
64
262144
405876
1048576
1
1048576
128
1
256
8192
199
1981
1093
3
1
131072
524288
1
1048576
2
1
1622620
41375
8
12260
16
8192
1
4
-386307
1197151
65445
1
9402
4
1
16
2
4
1048576
1
16
16
900064
1
1
1024
1048576
1
1024
138466
256
512
1
1048576
1048576
1
1
16
1
4
2
618
256
1
16
1
1
1
1048576
-6205
64
984372
1048576
41375
8
1
4
1048576
32647
8882
1
16880
16
1
1
64
1190
30929
1
497408
584383
1
512
131072
1024
1
32
60069
1
663682
16537
2048
150743
32
2048
2
512
16
1048576
128
256
4
32768
261972
1048576
128
-1373528
256
1
1
128
1
524288
8288
1048576
65536
128
1
958408
64
64
8
1
1
32768
32768
64
1
8
1
1048576
1
2
1
8
1046
1048576
-2655990
1048576
8
13953
1048576
2
1586
4
1
1048576
1351
1
4096
4
4096
-2815372
8192
16278
65536
64
2048
2048
1
65536
1048576
524288
32768
1
2090
1
1
256
1
1048576
1
1048576
1048576
2
64392
732820
66018
36039
2
16384
8
1048576
16384
8
1
2380
4096
2
3298
98039
1
1
1048576
1
32768
4
128069
32
128
1
16
1243932
1388
8
1
1048576
4096
512
1
802
2048
1
16
1
1
8192
64
1048576
1048576
262144
32
1
32768
1
1048576
32768
475512
1797883
1
2048
1
2
32
1
256
1048576
32
1
1024
8192
8
4096
16
2523
1048576
16
1
130940
8192
1
1
2048
128
32846
8
262144
128
16384
128
806
1
560181
64
1
2
1
16
2216
1024
1048576
32768
8
8192
2048
256
256
512
1048576
4
16
15679
16
1
129
1048576
262160
1024
128
1024
4096
1
1048576
64
1
1
64
380994
16
1
1048576
1024
128
16384
4106
8
1048576
1
1
1048576
1
1048576
4096
8
512
256
64
8
524288
32768
1102343
32
1048576
236833
673723
16384
1
1048576
2335
16
200438
4345984
8192
1048576
6763
1
16
11086
1999270
2060
512
32053
8192
4096
1048576
1048576
1048576
65536
1
2
114598
2048
1
32768
512
1048576
1
16
40335
8192
1
1048576
4096
128
1
8192
1
512
1
1024
16
128
1048576
1048576
32768
2048
4096
1
8288
331
59780
8192
1
1
8
1
256
64
1
1
1024
65536
10388
2048
512
1
1
16
1048576
1
1
512
64
2320847
8192
512
1024
1
121670
15
1
1
1
806076
1024
30827
1048576
1
4096
1048576
32769
1
394893
64
1048576
4
1
1048576
8
16384
512
16384
1999270
32
2048
19899
1046026
16
65536
1
1
224088
32
1048576
1048576
1048576
499978
1024
256
1
-85676
1
3466
64
-9691
65536
1
4051
1
2048
1048576
1
1048576
32
396487
1
256
1
8
512
2048
65536
1
8
2
266512
1
1
32
2
394893
32768
1
1048576
64
2235619
1048576
1
524288
128
32
2
128
130617
128
2
64
1865
132437
16
131072
128
6206
1048576
1028815
1080400
524288
16
1
1
-21266
1048576
1666416
64
1
274932
108625
118514
1
64
1048365
1048576
32768
128
2
4
32
1
128
106320
17939
1048576
262144
32
1
1048576
1048576
-2754922
1
172552
2048
512
1
1048576
2
4
8192
4096
16
-998238
11
2048
256
2048
1048576
1024
1
3962
1
1
512
16384
1
2
4
1
3095
1
32
1048576
16
1048576
1
256
1
1048576
-246516
2510
1
64
1
65536
262160
1
16384
64
1048576
1048576
162473
1
128
2629
16384
512
65536
1
512
524288
1048576
1
524288
1
-33990
256
1048576
8
1
1
1
128
4096
1048576
4
256
4
256
16879
256
1
4096
1
4
1
512
512
2
1
1048576
8192
1
1024
1
1
64
1
1048576
20645
2170296
512
262024
512
1
1024
16
1
1
-33990
8192
1865
8
32
26
1048576
1048576
1048576
12788
1
512
2
16
1048576
1048576
8
128
1024
1048576
1048576
256
1
1
8
64
131072
1
16
3412
256
16
32
8
1
1024
1
1
2048
1
1
1
64
134075
4096
1
1
331
1048576
1
1
32768
256
1
2738693
8
4
1
8
1024
1647814
1048576
96082
1
32
1048576
128
8
1
1
1032
8
32768
32
4096
102331
4096
8
2
64
1
4096
1
1
32
888130
1
1
256
16
1
4096
1
128
1845813
1
64
1241
32768
16
1
32
1024
1
512
65536
1048576
1024
128
2
4
1
55
1
1048576
64
2
1
2048
8
8192
1048576
16384
1048576
1048576
64
-460903
1024
131072
2
16
1
512
256
65399
1
8192
1
131072
1024
1
16384
2012
32
32
1
260324
1
732820
2048
1048576
256
128
1
1
1
1
128
-2663132
8
1048576
364883
1
15679
16005
65536
984372
1024
64
4
1
262
152952
1
1177526
64
1093546
4
128
2
2
64
256
1
1
1
1
32
2048
37860
2
131072
16
64
262144
1046026
64
7974
4096
2048
2
16
4
4
1
1048576
1
64
32
1
104520
1
4
2
1048576
1
524288
3744
1
1
4
1048576
512
1024
1
512
1
512
16
1
1
67681
-96489
512
1
1
1048576
48559
262144
1048576
5812
1
1048576
8192
1
2048
1048576
1
1
14913
1024
256
3424
48765
1048576
548598
64
1
16
2
512
4
33428
16
1048576
105436
1
1024
1
1
4096
524288
8
-141320
1
8
64
128
-1373528
1048576
1
256
128
4096
512
8
16
4
1024
1440064
1
1
1
2
49619
37
1048576
1
1048576
1
512
1024
262143
1
1
1
1882503
20494
262144
1
1
1
32
240031
16384
1048576
1197151
8203
-301491
1024
65536
56
128
256
256
8
64
764732
1
-7411
1048576
1
1
10388
1048576
2
1
1048576
36375
2048
1
16384
8
2048
1
512
128
16366
1048576
2322
1
1
1
1
1
194
274932
12788
1
250362
8
1
2
1048576
490696
1048576
32768
1
1328375
562574
1271864
512
1048576
1048576
1
1
17279
4096
131072
1
1
262144
1
1
128
262144
354522
1
512
2048
1824806
2048
533448
16384
61019
247658
32
1
1
1048576
32
1
1048576
380994
64
651036
465775
512
1048576
1
1048576
64
1048576
256
262024
64
128
1
1024
512
128
256
1
40335
1024
1
1093
4
2048
461368
1
1
131177
255
1048576
1048576
1
1
1
9479
8192
128
1
64
2
932316
2
2048
128
-2655990
1048576
1
16
1
-1846322
33483
1048576
1048576
518100
1
34055
17176
256
256
1981
1
32
1048576
1
1024
65743
1
1
32768
1
8
1
5557
1110342
998412
64
16
16384
4
4
1077748
1048576
10388
55
256
2048
2048
1048576
1048576
1
130940
64
2
16
4
4096
16384
4
17279
8
235
1024
48607
4096
32
16
16384
3962
21778
16384
2
8192
1048576
32
1048576
1
512
2235619
1028815
4
32768
2048
1024
1048576
1
63
560181
1
64
1
1
32
1
1
32
1048576
1
4
32
1
1
512
256
131072
1
1048576
4096
4
1048576
1
1048576
128
2
2048
1
1
1
1
10954
1048576
1048576
8192
70684
430104
1048576
3664
1
16
256
-792351
1
64
16
1
1
131072
8
32
1
1
1
-5557897
16474
6682233
483845
128
1
104343
20228
1
8
16384
1
128
1
16
65536
1048576
68
8
1048576
16
512
1
2
16384
1048576
2
1093
2
13823
1048576
1
32
1
8192
1024
159973
1024
1
8
256
512
2
512
8192
128
4096
682
2
1
1
29
1688
1048576
65536
4096
16384
1
-123487
1
1
1647814
64
4096
64
128
1
1048576
179675
2
2
128
16384
64
1
256
27497
1
8
1
1048576
2048
1
131072
131072
239242
131072
1024
32
524288
1048576
32768
1048576
2
1
4
256
16
1
4
8
32
256
1048576
1048576
64
1800005
4096
128
4096
64
1
65536
16
1
106
33907
1048576
34055
65536
128
-655281
65536
2115
262144
1
128
1
1
1048576
523
1
1
2048
1048576
172
32768
8
8192
32
256
2
64
4168506
65536
16384
32768
16384
512
2
4264
-5916978
128
32
2048
1048576
64
64
32768
32
32768
1048576
64
2048
1048575
32768
9908
65536
8
1
1
8
8
8192
1
16
4
1
2048
65536
1048576
1048576
16384
1048576
16384
4
1048576
1024
1
1964
32
2264
4
1048576
1
-141320
889304
1048576
32768
16384
1
4096
65536
1
32768
1
1
6380
256
16
16384
16384
988116
512
16384
131072
196078
2
1
1048576
256
1
8
6
-218311
1
1
62533
262144
1
4096
16318
1
524288
16384
4
8027
1048576
16384
34572
1
1
131072
1048576
2
1
1048576
2
32
1
1048576
256
1
1024
1
8
16384
1
1048576
658788
32
127858
1
13198
2
512
262144
1024
2084
32768
8192
64
1
1048576
64
64
2
1080400
4
1049392
1048576
1
4096
2090
8
1
1048576
64
1
2048
44642
131072
258096
10960
1024
1
4
475512
69306
2048
131072
1
1
1
1
2174
1048576
1048576
16384
3886
1048576
256
48765
1
256
1
8
2048
1048576
2
-1846322
4096
2048
8192
64
8
998708
1
8
1024
8350
512
1
7784
16
8
-3340
4671
1
954
16384
64
1
1048576
7208
4
1
1048576
16383
1
16384
4096
1048576
1
1
266954
1
64
279464
16
84844
308109
4096
1
15914
1
512
658788
65536
32
64
32
8192
4
32947
4
1
64
70684
32768
1
1
4096
1048576
8192
130723
1
2
32
1048576
1
1
64
65536
1048576
4
256
256
269109
1
2048
1
1048576
64
1
1
8192
1915260
1
2
1
16
1328375
64
128
1
1
3302
1
128
128
8
1
1
1024
1
1
1048576
16384
522568
1
16384
256
236833
1
1
64
1
62858
1
1
508
8192
16
16
1
344574
2523
2048
8191
1048576
1
1024
1
1388
1048576
2048
31302
128
32
1
1
1024
16
2048
128
4096
524288
16
2048
1
32
677155
1024
-85676
-193918
2
512
2048
1
16384
1
1
2
1
1
16
3214
1048576
64839
1
1440064
32768
1048576
1
1
4096
1
16
1048576
4
1999270
1
1
1
1
1
79
512
1
1
530476
2
4096
32768
8192
1
484179
1
1024
524288
64
2048
128
5286
45699
2
512
256
256
1
2296266
1
1048576
1024
1048576
256
3886
65536
8192
2306088
8
-885970
2
256
1048576
64
-898718
1
32
64
238076
-97596
497408
1
1
32
1
65536
4
31302
64
150674
16
256
32
1
1030012
1
1
8
1048576
8178
1
1
128
2
1
214
1024
16
8192
508897
1
8192
1048576
262144
32
65371
64
1
8
3886
524288
1
1
1
89846
7208
8
1048576
147803
271
2
32
1048576
1048576
1
256
16
64
35
1
1491996
32
4
65445
1024
4096
512
-12262
1048576
146254
32
16384
2
1
1
1
64
8
512
8
253100
1048576
1
152952
16384
32
1
12911
182203
129707
16
256
1
1711189
1
1048576
9193
38651
64
16
1048576
1
512
504723
16
16664
1048576
1
32
1
618146
129
1048576
8
303
1
272580
8
1
8
1
-5238678
-1004148
16384
96082
1
512
4
1
1
32
1048576
1048576
1
1
256
32768
128
130940
1048576
1024
1
1048576
3473
1
1
4
256
1
32
1
4096
32768
8
32
262144
4
262144
2
1
524288
1
1
644768
1
1
65536
4
262144
1
1024
65536
4106
1
4096
1
512
262704
2048
1048576
1048576
262144
1784
512
64
1
296
1
1406164
1
1048576
262
32
512
131072
1048576
65536
256
256
1
-5482277
1
15886
1
524288
16
1
1
1
34310
512
4
256
2048
2200144
1048576
4096
4
6764
1
256
64
2
1024
4
1
1
4096
1
241
32768
8192
1024
512
4096
32
256
38651
1
1
1
180634
2
2048
32
2
4
256
1048576
256
1048576
64
-16846
534298
32768
1048576
99
1048576
1
8
2048
128
1
64
4
1
16
67
2048
1048576
1024
1
64
1
1
4
8882
2048
1
1
512
16384
1
2048
1080400
1048576
16396
1
3685944
-1572173
2048
8192
1048576
4
64
16
1048576
1
462214
1
1
32768
2
1
1
3630
64
1048576
1048576
1
1
1
1024
1
256
9193
13105
8
64
8
519252
2
16384
64
1
1048576
524288
8192
1
1270
1
2200144
1
1
4168506
16384
256
1
8
-4770
83533
1024
1
256
256
1048576
26894
1
172552
1
1
9402
128
4
1048576
1
32768
4
1048576
1
64
128
1048576
16
131072
616952
32768
1048576
1
2
1048576
1
1
1024
4
64
-96489
1
2048
131072
1
1
2048
32
16384
65900
16384
1048576
1
1048576
256
4194214
64
524287
732820
2048
8192
8
4096
998708
549204
1048576
2
16384
131057
1
2971
1
1048576
1
1
4096
32
32
2
256
4
4096
1
12482
784626
543736
1049392
1048576
1
16
-48798
512
8137
542
1048576
256
2
128
-2694084
2
128
1
1
2
4216
1
1048576
16384
1024
1
1695017
1
70684
2
1
64
130
1
4
1
2322
1
1
1
-99892
262144
-713
1
3718
1048576
1
32
16384
1712
1
1048576
1024
6572
524288
1024
2
1048576
2
8
262144
1024
1
1
72614
196
1
4
1
3693
1
1
64
1
32
16
4671
1024
8
1
1
32
204494
1
32
4447
64
1
1048576
256
1048576
934750
1
1048576
1
1
1048576
64535
128
1
131072
1845813
1
2
1048576
256
4096
33483
64
44827
3731
1
1
1
32
322545
1048576
256
1
128
16
1
1
5291122
435932
1048576
8
8192
2048
8192
1
4
2
-123487
256
1482388
2135
4096
1
1024
1
2048
219
2
1048576
16
1048576
8192
27068
65536
4
2048
1048576
32
8734
8192
64
2048
8
1
2306088
1
1048576
32
1048576
4
16384
16
1048576
32
1
512
4
131177
8192
2
131072
2
1
4096
64
2048
1048576
512
256
1048576
1024
1
1
256
1
4096
41908
1
1
64
1
-5557897
512
1048576
32
32768
32768
128
1
1048576
65536
2048
1
3302
32
4
2
32768
512
3466
4096
59
1
1
1
109294
33907
530476
1
512
136077
262144
2
-294708
1048576
1048576
1
1
8
1093
1048576
1048576
512
16
1
1
1
1048576
1
1
106
1048576
1
1
1
1
4096
1
32768
4
128
128
32
8192
16384
1
1
2
562144
16384
1
256
1
32
1024
2
16
524097
122715
32
16
1
59055
1048576
4096
64
4
150743
65536
1
1048576
262144
1
1
4096
2
16
466
616952
128
1048576
34310
256
1
1048576
262144
968
4
1
16384
8
2
122609
65536
16384
128
31481
1
1048576
4096
1
128
1
16384
2048
73874
1048576
1
2048
523
65536
512
1
8
802
83039
1
512
131072
64
256
1
1048576
1048594
1
1
2048
131072
4096
8
1093
32
256
64
2
1048576
59780
1
8
1024
8192
1
1048576
1048576
1
4
1
1
64
1
16384
358266
8192
1048576
8
1048576
1048576
-96489
1048576
32768
8192
1024
1048576
239242
16
87169
1
1
1
1048576
32768
128
1048576
-4806504
131072
32
806
1048576
2048
1
32
256
1
8192
1
8
1
512
4168506
4096
1024
8
4096
1048576
32
4096
-193918
1
32
8192
1048576
1048576
16384
4096
1048576
1
1048576
131072
1048576
1
16
4
1
16
-20364
1048576
8
4096
134075
1
1
32768
65536
996
1
16384
169
3987626
1048576
1048576
4
33054
2
1
8654
16396
2
1024
16
1
256
1
8192
1
504840
1048576
1
512
1
2
3886
16
1
2048
1048576
16384
512
138466
8
1
8
1024
1
1
8
524288
16384
1048594
1048576
3473
4
1
1
1
1
121670
1
32
32
123829
2
91
1
1
8192
512
4096
1048576
1
4
512
64
16384
1
32
65519
1048576
16384
4
8
2048
2048
1
4
4
4
128
247
12
1
512
-315960
512
4
8192
1048576
1
65536
512
1
4096
1
64
1048576
1
1048576
32
99
16
8357
8192
1024
2048
264878
1
1
1
131072
8027
65536
65536
2766040
66434
1
1
256
2048
1
1
128
256
1
61019
1
1
4
179120
1
1
9402
1
1
8192
1
1
131072
16384
4096
29969
128
1048576
61429
1
63004
1048576
2
1
1
1
16
2
16384
1048576
16
483845
524288
1048576
1
1585
1093
8
1
1
14998
1594500
512
4096
8
512
32192
1
1048576
8192
1
16384
128
4096
2048
4
65445
16
256
2048
32
1048576
2
1048576
32768
16384
1
1024
1048576
256
1048576
1
1048576
1
16
4096
256
1
846116
519
7895
2048
64
512
1
1048576
64
138466
121
64
1048576
8192
1
1048576
1
256
32
1048576
64
13953
65536
16384
2
1032
32
1
217
2
1
32
1
1048576
256
1048576
1
1048576
73874
64535
4096
6476
256
512
16
62533
13953
1048576
1
1
16384
1048576
32
260016
256
138466
32
4345984
1048576
2
8
524152
30987
3731
1
2048
128
1
1
2048
1
1
-99892
137
1
1
1024
-3197
131072
16384
4096
5871
1048576
1
16
4106
-1572173
1
1048576
1
1
17069
1024
1024
1
1351
128
1
1
1
1024
1712
1
1
4
359
124637
13953
16
2048
2048
1
32768
4096
1
274932
-2164878
273584
1048576
1048576
45387
1
8192
1
32
1
1
4
65536
1
1493344
16
1
1024
65536
512
1
1080400
96082
3886
4096
512
256
1
8
2048
512
1048576
65536
1
1
64
16
1804
8192
1
-2754922
1048576
1
1024
131072
128
1
1048576
121670
128
32
128
16384
1498
4258
1
2048
1
1
1048576
232
1
4
54382
1
128
131072
508
8
1
1048576
65536
8192
524288
32768
4096
1
128
32768
128
128
1
1
16
1
8522
2
16384
1
1
1
1048576
4096
-47823
116057
1
1048576
1
256
2048
1048576
512
1048576
4096
2
8192
1
2
2048
1048576
1
512
64
1
4
4
2048
2
457200
1
64
1
32768
16384
1048576
1
3079159
128
477
104520
534298
4
-16846
1
1024
16384
1024
2048
1048576
16383
16
1048576
1024
1
1
16384
4096
1
1024
4096
512
32
399567
131527
1
131072
1048576
1
1048576
180605
505
1048576
1370
64
1
260389
255
64
542
1048576
1048576
512
131072
8168
16384
8
2
1048576
16
256
8654
1048576
1048576
2012
2048
1
512
1048576
32
1
2
1048576
128
4
1784
1024
-386307
256
262125
1048576
1
2
1045516
1
1
2048
123829
2
1
15889
4
8
4096
155
32
2
1
2
1048576
1234216
1048576
1
64
4031283
128
44085
1
4
1
1048576
1048576
16
185126
1
1
6723218
1
1048576
958408
1
512
1
1048576
1
4096
128
1048576
128
66407
1
65536
1
131072
8
299
1
1
1
56
1
1024
1
1
1048576
1
1
1048576
1
2
128
7837
1
1048576
16
64
16
131072
3630
32
1048576
524288
512
2048
4
1
1
2
1
1
1
806076
-190142
1
96082
2
128
1
579633
844
16
13105
16384
475100
2
1031
64
32767
1
1
131072
1024
256
131072
5604
1048576
256
1
32
1
1
32768
938508
16
8
1
1
1
1048576
32767
16
84844
1048576
1
1
1
2
1
64
131072
4
1
32768
8192
16
32
1048576
131072
2
64
16384
128
32302
1981
1
1024
1
8
1048576
1048576
1
8
1048423
16
4
191
65536
7862
8192
1
1
27966
242839
1
128
8192
1157
16
1048576
2
1048576
129707
1
4
2048
4096
1
19354
1048576
128
32768
1
4
32
